{
  "stats": {
    "suites": 1,
    "tests": 3,
    "passes": 3,
    "pending": 0,
    "failures": 0,
    "start": "2020-03-01T20:08:09.135Z",
    "end": "2020-03-01T20:08:10.720Z",
    "duration": 1585,
    "testsRegistered": 3,
    "passPercent": 100,
    "pendingPercent": 0,
    "other": 0,
    "hasOther": false,
    "skipped": 0,
    "hasSkipped": false
  },
  "results": [
    {
      "uuid": "87c53ca4-0988-4029-b909-53462b689267",
      "title": "",
      "fullFile": "cypress\\integration\\QAM\\TC08_api.spec.js",
      "file": "cypress\\integration\\QAM\\TC08_api.spec.js",
      "beforeHooks": [],
      "afterHooks": [],
      "tests": [],
      "suites": [
        {
          "uuid": "6780881b-0d61-42b5-8a30-fa48b3f9d94c",
          "title": "API Testing",
          "fullFile": "",
          "file": "",
          "beforeHooks": [],
          "afterHooks": [],
          "tests": [
            {
              "title": "GET - read",
              "fullTitle": "API Testing GET - read",
              "timedOut": null,
              "duration": 647,
              "state": "passed",
              "speed": "slow",
              "pass": true,
              "fail": false,
              "pending": false,
              "context": null,
              "code": "cy.request('/employees').then(function (response) {\n  expect(response).to.have.property('status', 200);\n  expect(response.body).to.not.be[\"null\"];\n  expect(response.body.data).to.have.length(24);\n});",
              "err": {},
              "uuid": "5aa33a71-aaa8-4168-b6c1-9ff829c09f1f",
              "parentUUID": "6780881b-0d61-42b5-8a30-fa48b3f9d94c",
              "isHook": false,
              "skipped": false
            },
            {
              "title": "POST - create",
              "fullTitle": "API Testing POST - create",
              "timedOut": null,
              "duration": 462,
              "state": "passed",
              "speed": "slow",
              "pass": true,
              "fail": false,
              "pending": false,
              "context": null,
              "code": "var item = {\n  \"name\": \"test\",\n  \"salary\": \"123\",\n  \"age\": \"23\"\n};\ncy.request('POST', '/create', item).its('body').its('data') // .should('deep.eq', item)\n.should('include', {\n  name: 'test'\n});",
              "err": {},
              "uuid": "ef12543b-a176-4915-8847-dc19a8824a4f",
              "parentUUID": "6780881b-0d61-42b5-8a30-fa48b3f9d94c",
              "isHook": false,
              "skipped": false
            },
            {
              "title": "PUT - update",
              "fullTitle": "API Testing PUT - update",
              "timedOut": null,
              "duration": 454,
              "state": "passed",
              "speed": "slow",
              "pass": true,
              "fail": false,
              "pending": false,
              "context": null,
              "code": "var item = {\n  \"name\": \"test1\"\n};\ncy.request({\n  method: 'PUT',\n  url: '/update/1',\n  body: item,\n  failOnStatusCode: false\n}).its('status').should('eq', 401);",
              "err": {},
              "uuid": "7e54ed9f-17d7-4645-859a-ee261af91c1e",
              "parentUUID": "6780881b-0d61-42b5-8a30-fa48b3f9d94c",
              "isHook": false,
              "skipped": false
            }
          ],
          "suites": [],
          "passes": [
            "5aa33a71-aaa8-4168-b6c1-9ff829c09f1f",
            "ef12543b-a176-4915-8847-dc19a8824a4f",
            "7e54ed9f-17d7-4645-859a-ee261af91c1e"
          ],
          "failures": [],
          "pending": [],
          "skipped": [],
          "duration": 1563,
          "root": false,
          "rootEmpty": false,
          "_timeout": 2000
        }
      ],
      "passes": [],
      "failures": [],
      "pending": [],
      "skipped": [],
      "duration": 0,
      "root": true,
      "rootEmpty": true,
      "_timeout": 2000
    }
  ],
  "meta": {
    "mocha": {
      "version": "6.2.2"
    },
    "mochawesome": {
      "options": {
        "quiet": false,
        "reportFilename": "mochawesome",
        "saveHtml": false,
        "saveJson": true,
        "consoleReporter": "spec",
        "useInlineDiffs": false
      },
      "version": "4.1.0"
    },
    "marge": {
      "options": {
        "id": "default",
        "reportDir": "cypress/reports/mocha",
        "quite": true,
        "overwrite": false,
        "html": false,
        "json": true
      },
      "version": "4.1.0"
    }
  }
}