{
  "stats": {
    "suites": 1,
    "tests": 1,
    "passes": 1,
    "pending": 0,
    "failures": 0,
    "start": "2020-03-01T20:07:16.160Z",
    "end": "2020-03-01T20:07:19.897Z",
    "duration": 3737,
    "testsRegistered": 1,
    "passPercent": 100,
    "pendingPercent": 0,
    "other": 0,
    "hasOther": false,
    "skipped": 0,
    "hasSkipped": false
  },
  "results": [
    {
      "uuid": "32bbf0e2-8c72-437f-89d8-3f096c4d5be9",
      "title": "",
      "fullFile": "cypress\\integration\\QAM\\TC04_customCommand.spec.js",
      "file": "cypress\\integration\\QAM\\TC04_customCommand.spec.js",
      "beforeHooks": [],
      "afterHooks": [],
      "tests": [],
      "suites": [
        {
          "uuid": "25fd04d2-b03d-4cc7-947a-bdf782324a74",
          "title": "View auth details",
          "fullFile": "",
          "file": "",
          "beforeHooks": [],
          "afterHooks": [],
          "tests": [
            {
              "title": "View Auth Details",
              "fullTitle": "View auth details View Auth Details",
              "timedOut": null,
              "duration": 3673,
              "state": "passed",
              "speed": "slow",
              "pass": true,
              "fail": false,
              "pending": false,
              "context": null,
              "code": "cy.get('ul.navbar-nav').children().contains('New Post').click();\ncy.hash().should('include', '#/editor');\ncy.get('form').within(function ($form) {\n  cy.get('input').first().type('Test');\n  cy.get('input').eq(1).type('Test 1');\n  cy.get('textarea').last().type('Test 2');\n  cy.contains('Publish Article').click();\n});\ncy.url().should('include', 'article');",
              "err": {},
              "uuid": "253710e6-6fb4-4b64-84b1-dbece998cf09",
              "parentUUID": "25fd04d2-b03d-4cc7-947a-bdf782324a74",
              "isHook": false,
              "skipped": false
            }
          ],
          "suites": [],
          "passes": [
            "253710e6-6fb4-4b64-84b1-dbece998cf09"
          ],
          "failures": [],
          "pending": [],
          "skipped": [],
          "duration": 3673,
          "root": false,
          "rootEmpty": false,
          "_timeout": 2000
        }
      ],
      "passes": [],
      "failures": [],
      "pending": [],
      "skipped": [],
      "duration": 0,
      "root": true,
      "rootEmpty": true,
      "_timeout": 2000
    }
  ],
  "meta": {
    "mocha": {
      "version": "6.2.2"
    },
    "mochawesome": {
      "options": {
        "quiet": false,
        "reportFilename": "mochawesome",
        "saveHtml": false,
        "saveJson": true,
        "consoleReporter": "spec",
        "useInlineDiffs": false
      },
      "version": "4.1.0"
    },
    "marge": {
      "options": {
        "id": "default",
        "reportDir": "cypress/reports/mocha",
        "quite": true,
        "overwrite": false,
        "html": false,
        "json": true
      },
      "version": "4.1.0"
    }
  }
}