{
  "stats": {
    "suites": 1,
    "tests": 1,
    "passes": 1,
    "pending": 0,
    "failures": 0,
    "start": "2020-03-01T20:06:40.387Z",
    "end": "2020-03-01T20:06:42.946Z",
    "duration": 2559,
    "testsRegistered": 1,
    "passPercent": 100,
    "pendingPercent": 0,
    "other": 0,
    "hasOther": false,
    "skipped": 0,
    "hasSkipped": false
  },
  "results": [
    {
      "uuid": "d979a223-df39-4e0c-81e5-3b9b30bbd380",
      "title": "",
      "fullFile": "cypress\\integration\\QAM\\TC01_basics.spec.js",
      "file": "cypress\\integration\\QAM\\TC01_basics.spec.js",
      "beforeHooks": [],
      "afterHooks": [],
      "tests": [],
      "suites": [
        {
          "uuid": "b1af0705-8867-417a-a6a0-86eecdb0ae07",
          "title": "Login",
          "fullFile": "",
          "file": "",
          "beforeHooks": [],
          "afterHooks": [],
          "tests": [
            {
              "title": "Sign in",
              "fullTitle": "Login Sign in",
              "timedOut": null,
              "duration": 2493,
              "state": "passed",
              "speed": "slow",
              "pass": true,
              "fail": false,
              "pending": false,
              "context": null,
              "code": "cy.visit('https://react-redux.realworld.io/#/login');\ncy.get('input[type=\"email\"]').type('qamilestone.academy@gmail.com');\ncy.get('input[type=\"password\"]').type('admin123');\ncy.get('.btn').contains('Sign in').should('be.visible').click();",
              "err": {},
              "uuid": "3ce86bff-cea3-4617-9d14-7f441909ee0d",
              "parentUUID": "b1af0705-8867-417a-a6a0-86eecdb0ae07",
              "isHook": false,
              "skipped": false
            }
          ],
          "suites": [],
          "passes": [
            "3ce86bff-cea3-4617-9d14-7f441909ee0d"
          ],
          "failures": [],
          "pending": [],
          "skipped": [],
          "duration": 2493,
          "root": false,
          "rootEmpty": false,
          "_timeout": 2000
        }
      ],
      "passes": [],
      "failures": [],
      "pending": [],
      "skipped": [],
      "duration": 0,
      "root": true,
      "rootEmpty": true,
      "_timeout": 2000
    }
  ],
  "meta": {
    "mocha": {
      "version": "6.2.2"
    },
    "mochawesome": {
      "options": {
        "quiet": false,
        "reportFilename": "mochawesome",
        "saveHtml": false,
        "saveJson": true,
        "consoleReporter": "spec",
        "useInlineDiffs": false
      },
      "version": "4.1.0"
    },
    "marge": {
      "options": {
        "id": "default",
        "reportDir": "cypress/reports/mocha",
        "quite": true,
        "overwrite": false,
        "html": false,
        "json": true
      },
      "version": "4.1.0"
    }
  }
}