{
  "stats": {
    "suites": 0,
    "tests": 1,
    "passes": 0,
    "pending": 0,
    "failures": 1,
    "start": "2020-03-01T20:04:43.912Z",
    "end": "2020-03-01T20:04:44.387Z",
    "duration": 475,
    "testsRegistered": 1,
    "passPercent": 0,
    "pendingPercent": 0,
    "other": 0,
    "hasOther": false,
    "skipped": 0,
    "hasSkipped": false
  },
  "results": [
    {
      "uuid": "28049302-e970-4e53-a961-3fd625b3dac1",
      "title": "",
      "fullFile": "cypress\\integration\\Login\\login.js",
      "file": "cypress\\integration\\Login\\login.js",
      "beforeHooks": [],
      "afterHooks": [],
      "tests": [
        {
          "title": "An uncaught error was detected outside of a test",
          "fullTitle": " An uncaught error was detected outside of a test",
          "timedOut": null,
          "duration": 455,
          "state": "failed",
          "speed": null,
          "pass": false,
          "fail": true,
          "pending": false,
          "context": null,
          "code": "throw err;",
          "err": {
            "message": "Uncaught ReferenceError: Given is not defined\n\nThis error originated from your test code, not from Cypress.\n\nWhen Cypress detects uncaught errors originating from your test code it will automatically fail the current test.\n\nCypress could not associate this error to any specific test.\n\nWe dynamically generated a new test to display this failure.",
            "estack": "Uncaught ReferenceError: Given is not defined\n\nThis error originated from your test code, not from Cypress.\n\nWhen Cypress detects uncaught errors originating from your test code it will automatically fail the current test.\n\nCypress could not associate this error to any specific test.\n\nWe dynamically generated a new test to display this failure.\n",
            "diff": null
          },
          "uuid": "b00a9a1e-433b-41a1-9d68-f87e14eac9ca",
          "parentUUID": "28049302-e970-4e53-a961-3fd625b3dac1",
          "isHook": false,
          "skipped": false
        }
      ],
      "suites": [],
      "passes": [],
      "failures": [
        "b00a9a1e-433b-41a1-9d68-f87e14eac9ca"
      ],
      "pending": [],
      "skipped": [],
      "duration": 455,
      "root": true,
      "rootEmpty": false,
      "_timeout": 2000
    }
  ],
  "meta": {
    "mocha": {
      "version": "6.2.2"
    },
    "mochawesome": {
      "options": {
        "quiet": false,
        "reportFilename": "mochawesome",
        "saveHtml": false,
        "saveJson": true,
        "consoleReporter": "spec",
        "useInlineDiffs": false
      },
      "version": "4.1.0"
    },
    "marge": {
      "options": {
        "id": "default",
        "reportDir": "cypress/reports/mocha",
        "quite": true,
        "overwrite": false,
        "html": false,
        "json": true
      },
      "version": "4.1.0"
    }
  }
}