{
  "stats": {
    "suites": 1,
    "tests": 1,
    "passes": 1,
    "pending": 0,
    "failures": 0,
    "start": "2020-03-01T20:04:49.045Z",
    "end": "2020-03-01T20:04:57.995Z",
    "duration": 8950,
    "testsRegistered": 1,
    "passPercent": 100,
    "pendingPercent": 0,
    "other": 0,
    "hasOther": false,
    "skipped": 0,
    "hasSkipped": false
  },
  "results": [
    {
      "uuid": "bc353319-4665-46ef-94af-6a8727098da5",
      "title": "",
      "fullFile": "cypress\\integration\\Novologix\\TC_00_login.spec.js",
      "file": "cypress\\integration\\Novologix\\TC_00_login.spec.js",
      "beforeHooks": [],
      "afterHooks": [],
      "tests": [],
      "suites": [
        {
          "uuid": "e5fe74d1-2a6b-4f26-8842-d3f10a120f19",
          "title": "Login",
          "fullFile": "",
          "file": "",
          "beforeHooks": [],
          "afterHooks": [],
          "tests": [
            {
              "title": "Sign in",
              "fullTitle": "Login Sign in",
              "timedOut": null,
              "duration": 6152,
              "state": "passed",
              "speed": "slow",
              "pass": true,
              "fail": false,
              "pending": false,
              "context": null,
              "code": "cy.visit('https://qa-app.novologix.net/');\ncy.get('#userid').type('jun.wang@cvshealth.com');\ncy.get('#password').type('Test123456@');\ncy.get('[style=\"display: flex;justify-content: center; margin-left: -.5em;\"] > .nlx-button').should('be.visible').click();",
              "err": {},
              "uuid": "5f52fbd4-42f9-4986-9ce0-0d9190b78755",
              "parentUUID": "e5fe74d1-2a6b-4f26-8842-d3f10a120f19",
              "isHook": false,
              "skipped": false
            }
          ],
          "suites": [],
          "passes": [
            "5f52fbd4-42f9-4986-9ce0-0d9190b78755"
          ],
          "failures": [],
          "pending": [],
          "skipped": [],
          "duration": 6152,
          "root": false,
          "rootEmpty": false,
          "_timeout": 2000
        }
      ],
      "passes": [],
      "failures": [],
      "pending": [],
      "skipped": [],
      "duration": 0,
      "root": true,
      "rootEmpty": true,
      "_timeout": 2000
    }
  ],
  "meta": {
    "mocha": {
      "version": "6.2.2"
    },
    "mochawesome": {
      "options": {
        "quiet": false,
        "reportFilename": "mochawesome",
        "saveHtml": false,
        "saveJson": true,
        "consoleReporter": "spec",
        "useInlineDiffs": false
      },
      "version": "4.1.0"
    },
    "marge": {
      "options": {
        "id": "default",
        "reportDir": "cypress/reports/mocha",
        "quite": true,
        "overwrite": false,
        "html": false,
        "json": true
      },
      "version": "4.1.0"
    }
  }
}