{
  "stats": {
    "suites": 1,
    "tests": 3,
    "passes": 2,
    "pending": 0,
    "failures": 1,
    "start": "2020-03-01T20:06:48.154Z",
    "end": "2020-03-01T20:06:55.967Z",
    "duration": 7813,
    "testsRegistered": 3,
    "passPercent": 66.66666666666666,
    "pendingPercent": 0,
    "other": 0,
    "hasOther": false,
    "skipped": 0,
    "hasSkipped": false
  },
  "results": [
    {
      "uuid": "183c865d-5c36-4ec7-8cf1-ca8ddf1019e4",
      "title": "",
      "fullFile": "cypress\\integration\\QAM\\TC02_url.spec.js",
      "file": "cypress\\integration\\QAM\\TC02_url.spec.js",
      "beforeHooks": [],
      "afterHooks": [],
      "tests": [],
      "suites": [
        {
          "uuid": "381f79eb-b593-4bda-8dd9-537b26cc6f94",
          "title": "Create and mark-unmark as favorite",
          "fullFile": "",
          "file": "",
          "beforeHooks": [],
          "afterHooks": [],
          "tests": [
            {
              "title": "Sign in",
              "fullTitle": "Create and mark-unmark as favorite Sign in",
              "timedOut": null,
              "duration": 2183,
              "state": "passed",
              "speed": "slow",
              "pass": true,
              "fail": false,
              "pending": false,
              "context": null,
              "code": "cy.visit('https://react-redux.realworld.io/#/login');\ncy.title().should('eq', 'Conduit');\ncy.location('protocol').should('eq', 'https:');\ncy.get('input[type=\"email\"]').type('qamilestone.academy@gmail.com');\ncy.get('input[type=\"password\"]').type('admin123');\ncy.get('.btn').contains('Sign in').should('be.visible').click();\ncy.contains('Your Feed', {\n  timeout: 10000\n}).should('be.visible');",
              "err": {},
              "uuid": "c6264e74-a1ad-45f0-b59d-46cc70afa120",
              "parentUUID": "381f79eb-b593-4bda-8dd9-537b26cc6f94",
              "isHook": false,
              "skipped": false
            },
            {
              "title": "Create a post",
              "fullTitle": "Create and mark-unmark as favorite Create a post",
              "timedOut": null,
              "duration": 1195,
              "state": "passed",
              "speed": "slow",
              "pass": true,
              "fail": false,
              "pending": false,
              "context": null,
              "code": "cy.contains('New Post').click();\ncy.hash().should('include', '#/editor'); //cy.location('hash').should('include','#/editor')\ncy.get('input[placeholder=\"Article Title\"]').type('Test');\ncy.get('input[placeholder=\"What\\'s this article about?\"]').type('Test 1');\ncy.get('textarea[placeholder=\"Write your article (in markdown)\"]').type('Test 2');\ncy.contains('Publish Article').click();\ncy.url().should('include', 'article');",
              "err": {},
              "uuid": "c3dce7c6-e06a-4c99-952b-1f14a008abae",
              "parentUUID": "381f79eb-b593-4bda-8dd9-537b26cc6f94",
              "isHook": false,
              "skipped": false
            },
            {
              "title": "Mark-unmark as favorite",
              "fullTitle": "Create and mark-unmark as favorite Mark-unmark as favorite",
              "timedOut": null,
              "duration": 4401,
              "state": "failed",
              "speed": null,
              "pass": false,
              "fail": true,
              "pending": false,
              "context": null,
              "code": "cy.get('.nav-link').contains('QAMs').click();\ncy.contains('My Articles').should('be.visible');\ncy.get('.ion-heart').click();\ncy.contains('Favorited Articles').click();\ncy.url().should('include', 'favorites');\ncy.get('.ion-heart').click();\ncy.reload();\ncy.contains('No articles are here... yet.').should('be.visible');\ncy.go('back'); //cy.go(-1)\n//cy.go('forward')\n//cy.go(1)",
              "err": {
                "message": "CypressError: Timed out retrying: Expected to find content: 'QAMs' within the element: [ <a.nav-link>, 3 more... ] but never did.",
                "estack": "CypressError: Timed out retrying: Expected to find content: 'QAMs' within the element: [ <a.nav-link>, 3 more... ] but never did.\n    at cypressErr (https://react-redux.realworld.io/__cypress/runner/cypress_runner.js:138036:9)\n    at throwErr (https://react-redux.realworld.io/__cypress/runner/cypress_runner.js:137969:11)\n    at Object.throwErrByPath (https://react-redux.realworld.io/__cypress/runner/cypress_runner.js:138017:3)\n    at retry (https://react-redux.realworld.io/__cypress/runner/cypress_runner.js:132299:19)\n    at onFailFn (https://react-redux.realworld.io/__cypress/runner/cypress_runner.js:120514:16)\n    at tryCatcher (https://react-redux.realworld.io/__cypress/runner/cypress_runner.js:164895:23)\n    at Promise._settlePromiseFromHandler (https://react-redux.realworld.io/__cypress/runner/cypress_runner.js:162831:31)\n    at Promise._settlePromise (https://react-redux.realworld.io/__cypress/runner/cypress_runner.js:162888:18)\n    at Promise._settlePromise0 (https://react-redux.realworld.io/__cypress/runner/cypress_runner.js:162933:10)\n    at Promise._settlePromises (https://react-redux.realworld.io/__cypress/runner/cypress_runner.js:163008:18)\n    at Async../node_modules/bluebird/js/release/async.js.Async._drainQueue (https://react-redux.realworld.io/__cypress/runner/cypress_runner.js:159620:16)\n    at Async../node_modules/bluebird/js/release/async.js.Async._drainQueues (https://react-redux.realworld.io/__cypress/runner/cypress_runner.js:159630:10)\n    at Async.drainQueues (https://react-redux.realworld.io/__cypress/runner/cypress_runner.js:159504:14)",
                "diff": null
              },
              "uuid": "6870d509-9e0c-4e09-a92d-28338b56ffd0",
              "parentUUID": "381f79eb-b593-4bda-8dd9-537b26cc6f94",
              "isHook": false,
              "skipped": false
            }
          ],
          "suites": [],
          "passes": [
            "c6264e74-a1ad-45f0-b59d-46cc70afa120",
            "c3dce7c6-e06a-4c99-952b-1f14a008abae"
          ],
          "failures": [
            "6870d509-9e0c-4e09-a92d-28338b56ffd0"
          ],
          "pending": [],
          "skipped": [],
          "duration": 7779,
          "root": false,
          "rootEmpty": false,
          "_timeout": 2000
        }
      ],
      "passes": [],
      "failures": [],
      "pending": [],
      "skipped": [],
      "duration": 0,
      "root": true,
      "rootEmpty": true,
      "_timeout": 2000
    }
  ],
  "meta": {
    "mocha": {
      "version": "6.2.2"
    },
    "mochawesome": {
      "options": {
        "quiet": false,
        "reportFilename": "mochawesome",
        "saveHtml": false,
        "saveJson": true,
        "consoleReporter": "spec",
        "useInlineDiffs": false
      },
      "version": "4.1.0"
    },
    "marge": {
      "options": {
        "id": "default",
        "reportDir": "cypress/reports/mocha",
        "quite": true,
        "overwrite": false,
        "html": false,
        "json": true
      },
      "version": "4.1.0"
    }
  }
}